[envato.rathemes.com/infinity/topbar/index.html]
[backblue.gif]
[fade.gif]
[index.html]
[envato.rathemes.com/infinity/assets/images/logo.png]
[envato.rathemes.com/infinity/topbar/dashboard.2.html]
[envato.rathemes.com/infinity/topbar/buttons.html]
[envato.rathemes.com/infinity/topbar/alerts.html]
[envato.rathemes.com/infinity/topbar/panels.html]
[envato.rathemes.com/infinity/topbar/lists.html]
[envato.rathemes.com/infinity/topbar/icons.html]
[envato.rathemes.com/infinity/topbar/widgets.html]
[envato.rathemes.com/infinity/topbar/media.html]
[envato.rathemes.com/infinity/topbar/tabs.html]
[envato.rathemes.com/infinity/topbar/progress.html]
[envato.rathemes.com/infinity/topbar/profile.html]
[envato.rathemes.com/infinity/topbar/price.html]
[envato.rathemes.com/infinity/topbar/invoice.html]
[envato.rathemes.com/infinity/topbar/gallery.1.html]
[envato.rathemes.com/infinity/topbar/gallery.2.html]
[envato.rathemes.com/infinity/topbar/support.html]
[envato.rathemes.com/infinity/topbar/login.html]
[envato.rathemes.com/infinity/topbar/signup.html]
[envato.rathemes.com/infinity/topbar/password-forget.html]
[envato.rathemes.com/infinity/topbar/unlock.html]
[envato.rathemes.com/infinity/topbar/404.html]
[envato.rathemes.com/infinity/topbar/form.layouts.html]
[envato.rathemes.com/infinity/topbar/form.elements.html]
[envato.rathemes.com/infinity/topbar/form.custom.html]
[envato.rathemes.com/infinity/topbar/form.plugins.html]
[envato.rathemes.com/infinity/topbar/file-upload.html]
[envato.rathemes.com/infinity/topbar/form.datetime.html]
[envato.rathemes.com/infinity/topbar/editors.html]
[envato.rathemes.com/infinity/topbar/charts.flot.html]
[envato.rathemes.com/infinity/topbar/echarts.bar.html]
[envato.rathemes.com/infinity/topbar/echarts.pie.html]
[envato.rathemes.com/infinity/topbar/echarts.line.html]
[envato.rathemes.com/infinity/topbar/echarts.map.html]
[envato.rathemes.com/infinity/topbar/echarts.scatter.html]
[envato.rathemes.com/infinity/topbar/echarts.custom.html]
[envato.rathemes.com/infinity/topbar/map-google.html]
[envato.rathemes.com/infinity/topbar/map-vector.html]
[envato.rathemes.com/infinity/topbar/inbox.html]
[envato.rathemes.com/infinity/topbar/compose.html]
[envato.rathemes.com/infinity/topbar/calendar.html]
[envato.rathemes.com/infinity/topbar/contacts.html]
[envato.rathemes.com/infinity/assets/images/221.jpg]
[envato.rathemes.com/infinity/topbar/settings.html]
[envato.rathemes.com/infinity/topbar/logout.html]
[envato.rathemes.com/infinity/assets/images/205.jpg]
[envato.rathemes.com/infinity/assets/images/207.jpg]
[envato.rathemes.com/infinity/assets/images/211.jpg]
[envato.rathemes.com/infinity/assets/images/206.jpg]
[envato.rathemes.com/infinity/assets/images/208.jpg]
[envato.rathemes.com/infinity/assets/images/209.jpg]
[envato.rathemes.com/infinity/assets/images/219.jpg]
[envato.rathemes.com/infinity/assets/images/210.jpg]
[envato.rathemes.com/infinity/assets/images/212.jpg]
[envato.rathemes.com/infinity/assets/images/217.jpg]
[envato.rathemes.com/infinity/assets/images/218.jpg]
[envato.rathemes.com/infinity/assets/images/215.jpg]
[envato.rathemes.com/infinity/assets/images/214.jpg]
[envato.rathemes.com/infinity/topbar/index.html]
[envato.rathemes.com/infinity/libs/bower/font-awesome/css/font-awesome.min.css]
[envato.rathemes.com/infinity/libs/bower/material-design-iconic-font/dist/css/material-design-iconic-font.css]
[envato.rathemes.com/infinity/assets/css/app.min.css]
[envato.rathemes.com/infinity/assets/images/213.jpg]
[envato.rathemes.com/infinity/assets/images/216.jpg]
[envato.rathemes.com/infinity/assets/images/203.jpg]
[envato.rathemes.com/infinity/assets/images/204.jpg]
[envato.rathemes.com/infinity/topbar/dashboard.2.html]
[envato.rathemes.com/infinity/topbar/buttons.html]
[envato.rathemes.com/infinity/topbar/alerts.html]
[envato.rathemes.com/infinity/topbar/panels.html]
[envato.rathemes.com/infinity/topbar/lists.html]
[envato.rathemes.com/infinity/topbar/icons.html]
[envato.rathemes.com/infinity/topbar/widgets.html]
[envato.rathemes.com/infinity/assets/images/220.jpg]
[envato.rathemes.com/infinity/assets/images/101.jpg]
[envato.rathemes.com/infinity/assets/images/102.jpg]
[envato.rathemes.com/infinity/assets/images/103.jpg]
[envato.rathemes.com/infinity/topbar/media.html]
[envato.rathemes.com/infinity/topbar/tabs.html]
[envato.rathemes.com/infinity/topbar/progress.html]
[envato.rathemes.com/infinity/assets/images/original/102.jpg]
[envato.rathemes.com/infinity/assets/images/original/101.jpg]
[envato.rathemes.com/infinity/assets/images/original/103.jpg]
[envato.rathemes.com/infinity/assets/images/original/104.jpg]
[envato.rathemes.com/infinity/assets/images/104.jpg]
[envato.rathemes.com/infinity/assets/images/original/105.jpg]
[envato.rathemes.com/infinity/assets/images/105.jpg]
[envato.rathemes.com/infinity/assets/images/202.jpg]
[envato.rathemes.com/infinity/topbar/profile.html]
[envato.rathemes.com/infinity/topbar/price.html]
[envato.rathemes.com/infinity/topbar/invoice.html]
[envato.rathemes.com/infinity/assets/images/original/201.jpg]
[envato.rathemes.com/infinity/assets/images/201.jpg]
[envato.rathemes.com/infinity/assets/images/original/202.jpg]
[envato.rathemes.com/infinity/assets/images/original/203.jpg]
[envato.rathemes.com/infinity/assets/images/original/204.jpg]
[envato.rathemes.com/infinity/assets/images/original/205.jpg]
[envato.rathemes.com/infinity/assets/images/original/206.jpg]
[envato.rathemes.com/infinity/assets/images/original/207.jpg]
[envato.rathemes.com/infinity/assets/images/original/208.jpg]
[envato.rathemes.com/infinity/assets/images/original/209.jpg]
[envato.rathemes.com/infinity/assets/images/original/210.jpg]
[envato.rathemes.com/infinity/assets/images/original/211.jpg]
[envato.rathemes.com/infinity/assets/images/original/212.jpg]
[envato.rathemes.com/infinity/topbar/gallery.1.html]
[envato.rathemes.com/infinity/topbar/gallery.2.html]
[envato.rathemes.com/infinity/topbar/support.html]
[envato.rathemes.com/infinity/topbar/login.html]
[envato.rathemes.com/infinity/topbar/signup.html]
[envato.rathemes.com/infinity/topbar/password-forget.html]
[envato.rathemes.com/infinity/topbar/unlock.html]
[envato.rathemes.com/infinity/topbar/404.html]
[envato.rathemes.com/infinity/topbar/form.layouts.html]
[envato.rathemes.com/infinity/topbar/form.elements.html]
[envato.rathemes.com/infinity/topbar/form.custom.html]
[envato.rathemes.com/infinity/topbar/form.plugins.html]
[envato.rathemes.com/infinity/topbar/file-upload.html]
[envato.rathemes.com/infinity/topbar/form.datetime.html]
[envato.rathemes.com/infinity/topbar/editors.html]
[envato.rathemes.com/infinity/topbar/charts.flot.html]
[envato.rathemes.com/infinity/topbar/echarts.bar.html]
[envato.rathemes.com/infinity/topbar/echarts.pie.html]
[envato.rathemes.com/infinity/topbar/echarts.line.html]
[envato.rathemes.com/infinity/topbar/echarts.map.html]
[envato.rathemes.com/infinity/topbar/echarts.scatter.html]
[envato.rathemes.com/infinity/topbar/echarts.custom.html]
[envato.rathemes.com/infinity/topbar/map-google.html]
[envato.rathemes.com/infinity/topbar/map-vector.html]
[envato.rathemes.com/infinity/topbar/mail-view.html]
[envato.rathemes.com/infinity/topbar/inbox.html]
[envato.rathemes.com/infinity/topbar/compose.html]
[envato.rathemes.com/infinity/topbar/calendar.html]
[envato.rathemes.com/infinity/topbar/contacts.html]
[envato.rathemes.com/infinity/topbar/logout.html]
[envato.rathemes.com/infinity/topbar/settings.html]
[envato.rathemes.com/infinity/assets/js/core.min.js]
[envato.rathemes.com/infinity/assets/js/app.min.js]
[envato.rathemes.com/infinity/libs/bower/moment/moment.js]
[envato.rathemes.com/infinity/libs/bower/fullcalendar/dist/fullcalendar.min.js]
[envato.rathemes.com/infinity/assets/js/fullcalendar.js]
[envato.rathemes.com/infinity/libs/bower/material-design-iconic-font/dist/css/material-design-iconic-font.min.css]
[envato.rathemes.com/infinity/libs/bower/animate.css/animate.min.css]
[envato.rathemes.com/infinity/assets/css/bootstrap.css]
[envato.rathemes.com/infinity/assets/css/app.css]
[envato.rathemes.com/infinity/assets/images/001.jpg]
[envato.rathemes.com/infinity/topbar/mail-view.html]
[envato.rathemes.com/infinity/libs/misc/flot/jquery.flot.pie.min.js]
[envato.rathemes.com/infinity/libs/misc/flot/jquery.flot.stack.min.js]
[envato.rathemes.com/infinity/libs/misc/flot/jquery.flot.resize.min.js]
[envato.rathemes.com/infinity/libs/misc/flot/jquery.flot.curvedLines.js]
[envato.rathemes.com/infinity/libs/misc/flot/jquery.flot.tooltip.min.js]
[envato.rathemes.com/infinity/libs/misc/echarts/build/dist/theme.js]
[envato.rathemes.com/infinity/libs/bower/eonasdan-bootstrap-datetimepicker/build/css/bootstrap-datetimepicker.min.css]
[envato.rathemes.com/infinity/libs/misc/jvectormap/jquery-jvectormap.min.js]
[envato.rathemes.com/infinity/libs/misc/jvectormap/maps/jquery-jvectormap-us-mill.js]
[envato.rathemes.com/infinity/libs/misc/jvectormap/maps/jquery-jvectormap-world-mill.js]
[envato.rathemes.com/infinity/libs/bower/fullcalendar/dist/fullcalendar.min.css]
[envato.rathemes.com/infinity/libs/bower/switchery/dist/switchery.min.js]
[envato.rathemes.com/infinity/topbar/logout.html]
[envato.rathemes.com/infinity/libs/bower/lightbox2/dist/images/close.png]
[envato.rathemes.com/infinity/topbar/settings.html]
[envato.rathemes.com/infinity/libs/bower/lightbox2/dist/images/loading.gif]
[envato.rathemes.com/infinity/libs/bower/lightbox2/dist/images/prev.png]
[envato.rathemes.com/infinity/libs/bower/lightbox2/dist/images/next.png]
[envato.rathemes.com/infinity/libs/bower/lightbox2/dist/css/lightbox.min.css]
[envato.rathemes.com/infinity/topbar/settings.html]
[envato.rathemes.com/infinity/topbar/logout.html]
